{"type":"server-started","port":50632,"host":"127.0.0.1","url_host":"localhost","url":"http://localhost:50632","screen_dir":"/Users/omolaraaworeni/Lucen Care App/.superpowers/brainstorm/73523-1780386360/content","state_dir":"/Users/omolaraaworeni/Lucen Care App/.superpowers/brainstorm/73523-1780386360/state"}
{"type":"screen-added","file":"/Users/omolaraaworeni/Lucen Care App/.superpowers/brainstorm/73523-1780386360/content/design-direction.html"}
{"type":"screen-added","file":"/Users/omolaraaworeni/Lucen Care App/.superpowers/brainstorm/73523-1780386360/content/sidebar-color.html"}
{"type":"screen-added","file":"/Users/omolaraaworeni/Lucen Care App/.superpowers/brainstorm/73523-1780386360/content/logo-on-indigo.html"}
{"type":"screen-added","file":"/Users/omolaraaworeni/Lucen Care App/.superpowers/brainstorm/73523-1780386360/content/approaches.html"}
{"type":"screen-added","file":"/Users/omolaraaworeni/Lucen Care App/.superpowers/brainstorm/73523-1780386360/content/approaches-v3.html"}
{"type":"screen-added","file":"/Users/omolaraaworeni/Lucen Care App/.superpowers/brainstorm/73523-1780386360/content/design-system-palette.html"}
{"type":"screen-added","file":"/Users/omolaraaworeni/Lucen Care App/.superpowers/brainstorm/73523-1780386360/content/design-system-type-space.html"}
{"type":"screen-added","file":"/Users/omolaraaworeni/Lucen Care App/.superpowers/brainstorm/73523-1780386360/content/design-system-screens.html"}
{"type":"screen-updated","file":"/Users/omolaraaworeni/Lucen Care App/.superpowers/brainstorm/73523-1780386360/content/design-system-screens.html"}
{"type":"screen-updated","file":"/Users/omolaraaworeni/Lucen Care App/.superpowers/brainstorm/73523-1780386360/content/design-system-screens.html"}
{"type":"screen-updated","file":"/Users/omolaraaworeni/Lucen Care App/.superpowers/brainstorm/73523-1780386360/content/design-system-screens.html"}
{"type":"screen-updated","file":"/Users/omolaraaworeni/Lucen Care App/.superpowers/brainstorm/73523-1780386360/content/design-system-screens.html"}
{"type":"screen-updated","file":"/Users/omolaraaworeni/Lucen Care App/.superpowers/brainstorm/73523-1780386360/content/design-system-screens.html"}
{"type":"screen-updated","file":"/Users/omolaraaworeni/Lucen Care App/.superpowers/brainstorm/73523-1780386360/content/design-system-screens.html"}
{"type":"screen-updated","file":"/Users/omolaraaworeni/Lucen Care App/.superpowers/brainstorm/73523-1780386360/content/design-system-screens.html"}
{"type":"screen-updated","file":"/Users/omolaraaworeni/Lucen Care App/.superpowers/brainstorm/73523-1780386360/content/design-system-screens.html"}
{"type":"screen-updated","file":"/Users/omolaraaworeni/Lucen Care App/.superpowers/brainstorm/73523-1780386360/content/design-system-screens.html"}
{"type":"screen-updated","file":"/Users/omolaraaworeni/Lucen Care App/.superpowers/brainstorm/73523-1780386360/content/design-system-screens.html"}
{"type":"screen-updated","file":"/Users/omolaraaworeni/Lucen Care App/.superpowers/brainstorm/73523-1780386360/content/design-system-screens.html"}
{"type":"screen-updated","file":"/Users/omolaraaworeni/Lucen Care App/.superpowers/brainstorm/73523-1780386360/content/design-system-screens.html"}
{"type":"screen-updated","file":"/Users/omolaraaworeni/Lucen Care App/.superpowers/brainstorm/73523-1780386360/content/design-system-screens.html"}
{"type":"screen-updated","file":"/Users/omolaraaworeni/Lucen Care App/.superpowers/brainstorm/73523-1780386360/content/design-system-screens.html"}
{"type":"screen-updated","file":"/Users/omolaraaworeni/Lucen Care App/.superpowers/brainstorm/73523-1780386360/content/design-system-screens.html"}
{"type":"server-stopped","reason":"idle timeout"}
